<?xml version="1.0" encoding="UTF-8"?>
<!-- Generated by org.testng.reporters.JUnitReportReporter -->
<testsuite hostname="DESKTOP-RFMR0HT" name="TestNg.BppTest" tests="1" failures="0" timestamp="1 Feb 2018 09:57:11 GMT" time="0.011" errors="0">
  <testcase name="one" time="0.011" classname="TestNg.BppTest"/>
</testsuite> <!-- TestNg.BppTest -->
