<?xml version="1.0" encoding="UTF-8"?>
<!-- Generated by org.testng.reporters.JUnitReportReporter -->
<testsuite hostname="DESKTOP-RFMR0HT" name="TestNg.BppTest" tests="1" failures="0" timestamp="1 Feb 2018 10:06:49 GMT" time="0.007" errors="0">
  <testcase name="two" time="0.007" classname="TestNg.BppTest"/>
</testsuite> <!-- TestNg.BppTest -->
