<?xml version="1.0" encoding="UTF-8"?>
<!-- Generated by org.testng.reporters.JUnitReportReporter -->
<testsuite hostname="DESKTOP-RFMR0HT" name="TestNg.AppTest" tests="1" failures="0" timestamp="1 Feb 2018 10:03:59 GMT" time="0.006" errors="0">
  <testcase name="one" time="0.006" classname="TestNg.AppTest"/>
</testsuite> <!-- TestNg.AppTest -->
